<?xml version="1.0" encoding="UTF-8"?>
<testng-results ignored="0" total="25" passed="25" failed="0" skipped="0">
  <reporter-output>
  </reporter-output>
  <suite started-at="2024-10-29T22:36:25 IST" name="First" finished-at="2024-10-29T22:39:05 IST" duration-ms="159893">
    <groups>
    </groups>
    <test started-at="2024-10-29T22:36:25 IST" name="FirstTest4-0" finished-at="2024-10-29T22:37:37 IST" duration-ms="71470">
      <class name="com.browserstack.FirstTest">
        <test-method is-config="true" signature="setUp()[pri:0, instance:com.browserstack.FirstTest@773e2eb5]" started-at="2024-10-29T22:36:25 IST" name="setUp" finished-at="2024-10-29T22:37:04 IST" duration-ms="38942" status="PASS">
          <reporter-output>
          </reporter-output>
        </test-method> <!-- setUp -->
        <test-method signature="test()[pri:0, instance:com.browserstack.FirstTest@773e2eb5]" started-at="2024-10-29T22:37:04 IST" name="test" finished-at="2024-10-29T22:37:35 IST" duration-ms="30204" status="PASS">
          <reporter-output>
          </reporter-output>
        </test-method> <!-- test -->
        <test-method is-config="true" signature="tearDown()[pri:0, instance:com.browserstack.FirstTest@773e2eb5]" started-at="2024-10-29T22:37:35 IST" name="tearDown" finished-at="2024-10-29T22:37:37 IST" duration-ms="2242" status="PASS">
          <reporter-output>
          </reporter-output>
        </test-method> <!-- tearDown -->
      </class> <!-- com.browserstack.FirstTest -->
    </test> <!-- FirstTest4-0 -->
    <test started-at="2024-10-29T22:36:25 IST" name="FirstTest-2" finished-at="2024-10-29T22:37:40 IST" duration-ms="74670">
      <class name="com.browserstack.FirstTest">
        <test-method is-config="true" signature="setUp()[pri:0, instance:com.browserstack.FirstTest@42435b98]" started-at="2024-10-29T22:36:25 IST" name="setUp" finished-at="2024-10-29T22:37:05 IST" duration-ms="39789" status="PASS">
          <reporter-output>
          </reporter-output>
        </test-method> <!-- setUp -->
        <test-method signature="test()[pri:0, instance:com.browserstack.FirstTest@42435b98]" started-at="2024-10-29T22:37:05 IST" name="test" finished-at="2024-10-29T22:37:38 IST" duration-ms="32831" status="PASS">
          <reporter-output>
          </reporter-output>
        </test-method> <!-- test -->
        <test-method is-config="true" signature="tearDown()[pri:0, instance:com.browserstack.FirstTest@42435b98]" started-at="2024-10-29T22:37:38 IST" name="tearDown" finished-at="2024-10-29T22:37:40 IST" duration-ms="1980" status="PASS">
          <reporter-output>
          </reporter-output>
        </test-method> <!-- tearDown -->
      </class> <!-- com.browserstack.FirstTest -->
    </test> <!-- FirstTest-2 -->
    <test started-at="2024-10-29T22:36:25 IST" name="FirstTest1-2" finished-at="2024-10-29T22:37:43 IST" duration-ms="77412">
      <class name="com.browserstack.FirstTest">
        <test-method is-config="true" signature="setUp()[pri:0, instance:com.browserstack.FirstTest@6e0f7aad]" started-at="2024-10-29T22:36:25 IST" name="setUp" finished-at="2024-10-29T22:37:07 IST" duration-ms="41840" status="PASS">
          <reporter-output>
          </reporter-output>
        </test-method> <!-- setUp -->
        <test-method signature="test()[pri:0, instance:com.browserstack.FirstTest@6e0f7aad]" started-at="2024-10-29T22:37:07 IST" name="test" finished-at="2024-10-29T22:37:41 IST" duration-ms="33479" status="PASS">
          <reporter-output>
          </reporter-output>
        </test-method> <!-- test -->
        <test-method is-config="true" signature="tearDown()[pri:0, instance:com.browserstack.FirstTest@6e0f7aad]" started-at="2024-10-29T22:37:41 IST" name="tearDown" finished-at="2024-10-29T22:37:43 IST" duration-ms="2017" status="PASS">
          <reporter-output>
          </reporter-output>
        </test-method> <!-- tearDown -->
      </class> <!-- com.browserstack.FirstTest -->
    </test> <!-- FirstTest1-2 -->
    <test started-at="2024-10-29T22:36:25 IST" name="FirstTest-3" finished-at="2024-10-29T22:37:46 IST" duration-ms="80951">
      <class name="com.browserstack.FirstTest">
        <test-method is-config="true" signature="setUp()[pri:0, instance:com.browserstack.FirstTest@511505e7]" started-at="2024-10-29T22:36:25 IST" name="setUp" finished-at="2024-10-29T22:37:14 IST" duration-ms="48376" status="PASS">
          <reporter-output>
          </reporter-output>
        </test-method> <!-- setUp -->
        <test-method signature="test()[pri:0, instance:com.browserstack.FirstTest@511505e7]" started-at="2024-10-29T22:37:14 IST" name="test" finished-at="2024-10-29T22:37:44 IST" duration-ms="30384" status="PASS">
          <reporter-output>
          </reporter-output>
        </test-method> <!-- test -->
        <test-method is-config="true" signature="tearDown()[pri:0, instance:com.browserstack.FirstTest@511505e7]" started-at="2024-10-29T22:37:44 IST" name="tearDown" finished-at="2024-10-29T22:37:46 IST" duration-ms="2111" status="PASS">
          <reporter-output>
          </reporter-output>
        </test-method> <!-- tearDown -->
      </class> <!-- com.browserstack.FirstTest -->
    </test> <!-- FirstTest-3 -->
    <test started-at="2024-10-29T22:36:25 IST" name="FirstTest-4" finished-at="2024-10-29T22:37:47 IST" duration-ms="81745">
      <class name="com.browserstack.FirstTest">
        <test-method is-config="true" signature="setUp()[pri:0, instance:com.browserstack.FirstTest@7573e12f]" started-at="2024-10-29T22:36:25 IST" name="setUp" finished-at="2024-10-29T22:37:11 IST" duration-ms="45960" status="PASS">
          <reporter-output>
          </reporter-output>
        </test-method> <!-- setUp -->
        <test-method signature="test()[pri:0, instance:com.browserstack.FirstTest@7573e12f]" started-at="2024-10-29T22:37:11 IST" name="test" finished-at="2024-10-29T22:37:44 IST" duration-ms="32977" status="PASS">
          <reporter-output>
          </reporter-output>
        </test-method> <!-- test -->
        <test-method is-config="true" signature="tearDown()[pri:0, instance:com.browserstack.FirstTest@7573e12f]" started-at="2024-10-29T22:37:44 IST" name="tearDown" finished-at="2024-10-29T22:37:47 IST" duration-ms="2751" status="PASS">
          <reporter-output>
          </reporter-output>
        </test-method> <!-- tearDown -->
      </class> <!-- com.browserstack.FirstTest -->
    </test> <!-- FirstTest-4 -->
    <test started-at="2024-10-29T22:36:25 IST" name="FirstTest4-3" finished-at="2024-10-29T22:37:48 IST" duration-ms="82024">
      <class name="com.browserstack.FirstTest">
        <test-method is-config="true" signature="setUp()[pri:0, instance:com.browserstack.FirstTest@5bb7643d]" started-at="2024-10-29T22:36:25 IST" name="setUp" finished-at="2024-10-29T22:37:14 IST" duration-ms="48768" status="PASS">
          <reporter-output>
          </reporter-output>
        </test-method> <!-- setUp -->
        <test-method signature="test()[pri:0, instance:com.browserstack.FirstTest@5bb7643d]" started-at="2024-10-29T22:37:14 IST" name="test" finished-at="2024-10-29T22:37:45 IST" duration-ms="30566" status="PASS">
          <reporter-output>
          </reporter-output>
        </test-method> <!-- test -->
        <test-method is-config="true" signature="tearDown()[pri:0, instance:com.browserstack.FirstTest@5bb7643d]" started-at="2024-10-29T22:37:45 IST" name="tearDown" finished-at="2024-10-29T22:37:47 IST" duration-ms="2626" status="PASS">
          <reporter-output>
          </reporter-output>
        </test-method> <!-- tearDown -->
      </class> <!-- com.browserstack.FirstTest -->
    </test> <!-- FirstTest4-3 -->
    <test started-at="2024-10-29T22:36:25 IST" name="FirstTest1-0" finished-at="2024-10-29T22:37:50 IST" duration-ms="84050">
      <class name="com.browserstack.FirstTest">
        <test-method is-config="true" signature="setUp()[pri:0, instance:com.browserstack.FirstTest@4ba89729]" started-at="2024-10-29T22:36:25 IST" name="setUp" finished-at="2024-10-29T22:37:16 IST" duration-ms="50530" status="PASS">
          <reporter-output>
          </reporter-output>
        </test-method> <!-- setUp -->
        <test-method signature="test()[pri:0, instance:com.browserstack.FirstTest@4ba89729]" started-at="2024-10-29T22:37:16 IST" name="test" finished-at="2024-10-29T22:37:47 IST" duration-ms="30708" status="PASS">
          <reporter-output>
          </reporter-output>
        </test-method> <!-- test -->
        <test-method is-config="true" signature="tearDown()[pri:0, instance:com.browserstack.FirstTest@4ba89729]" started-at="2024-10-29T22:37:47 IST" name="tearDown" finished-at="2024-10-29T22:37:50 IST" duration-ms="2742" status="PASS">
          <reporter-output>
          </reporter-output>
        </test-method> <!-- tearDown -->
      </class> <!-- com.browserstack.FirstTest -->
    </test> <!-- FirstTest1-0 -->
    <test started-at="2024-10-29T22:36:25 IST" name="FirstTest2-4" finished-at="2024-10-29T22:37:52 IST" duration-ms="86932">
      <class name="com.browserstack.FirstTest">
        <test-method is-config="true" signature="setUp()[pri:0, instance:com.browserstack.FirstTest@5a6482a9]" started-at="2024-10-29T22:36:25 IST" name="setUp" finished-at="2024-10-29T22:37:17 IST" duration-ms="51969" status="PASS">
          <reporter-output>
          </reporter-output>
        </test-method> <!-- setUp -->
        <test-method signature="test()[pri:0, instance:com.browserstack.FirstTest@5a6482a9]" started-at="2024-10-29T22:37:17 IST" name="test" finished-at="2024-10-29T22:37:50 IST" duration-ms="32684" status="PASS">
          <reporter-output>
          </reporter-output>
        </test-method> <!-- test -->
        <test-method is-config="true" signature="tearDown()[pri:0, instance:com.browserstack.FirstTest@5a6482a9]" started-at="2024-10-29T22:37:50 IST" name="tearDown" finished-at="2024-10-29T22:37:52 IST" duration-ms="2208" status="PASS">
          <reporter-output>
          </reporter-output>
        </test-method> <!-- tearDown -->
      </class> <!-- com.browserstack.FirstTest -->
    </test> <!-- FirstTest2-4 -->
    <test started-at="2024-10-29T22:36:25 IST" name="FirstTest3-4" finished-at="2024-10-29T22:37:56 IST" duration-ms="90114">
      <class name="com.browserstack.FirstTest">
        <test-method is-config="true" signature="setUp()[pri:0, instance:com.browserstack.FirstTest@6b760460]" started-at="2024-10-29T22:36:25 IST" name="setUp" finished-at="2024-10-29T22:37:20 IST" duration-ms="54590" status="PASS">
          <reporter-output>
          </reporter-output>
        </test-method> <!-- setUp -->
        <test-method signature="test()[pri:0, instance:com.browserstack.FirstTest@6b760460]" started-at="2024-10-29T22:37:20 IST" name="test" finished-at="2024-10-29T22:37:53 IST" duration-ms="33323" status="PASS">
          <reporter-output>
          </reporter-output>
        </test-method> <!-- test -->
        <test-method is-config="true" signature="tearDown()[pri:0, instance:com.browserstack.FirstTest@6b760460]" started-at="2024-10-29T22:37:53 IST" name="tearDown" finished-at="2024-10-29T22:37:56 IST" duration-ms="2153" status="PASS">
          <reporter-output>
          </reporter-output>
        </test-method> <!-- tearDown -->
      </class> <!-- com.browserstack.FirstTest -->
    </test> <!-- FirstTest3-4 -->
    <test started-at="2024-10-29T22:36:25 IST" name="FirstTest1-4" finished-at="2024-10-29T22:37:59 IST" duration-ms="93403">
      <class name="com.browserstack.FirstTest">
        <test-method is-config="true" signature="setUp()[pri:0, instance:com.browserstack.FirstTest@61c76850]" started-at="2024-10-29T22:36:25 IST" name="setUp" finished-at="2024-10-29T22:37:20 IST" duration-ms="54691" status="PASS">
          <reporter-output>
          </reporter-output>
        </test-method> <!-- setUp -->
        <test-method signature="test()[pri:0, instance:com.browserstack.FirstTest@61c76850]" started-at="2024-10-29T22:37:20 IST" name="test" finished-at="2024-10-29T22:37:56 IST" duration-ms="36295" status="PASS">
          <reporter-output>
          </reporter-output>
        </test-method> <!-- test -->
        <test-method is-config="true" signature="tearDown()[pri:0, instance:com.browserstack.FirstTest@61c76850]" started-at="2024-10-29T22:37:57 IST" name="tearDown" finished-at="2024-10-29T22:37:59 IST" duration-ms="2131" status="PASS">
          <reporter-output>
          </reporter-output>
        </test-method> <!-- tearDown -->
      </class> <!-- com.browserstack.FirstTest -->
    </test> <!-- FirstTest1-4 -->
    <test started-at="2024-10-29T22:36:25 IST" name="FirstTest1-3" finished-at="2024-10-29T22:38:12 IST" duration-ms="106390">
      <class name="com.browserstack.FirstTest">
        <test-method is-config="true" signature="setUp()[pri:0, instance:com.browserstack.FirstTest@57adfab0]" started-at="2024-10-29T22:36:25 IST" name="setUp" finished-at="2024-10-29T22:37:03 IST" duration-ms="37728" status="PASS">
          <reporter-output>
          </reporter-output>
        </test-method> <!-- setUp -->
        <test-method signature="test()[pri:0, instance:com.browserstack.FirstTest@57adfab0]" started-at="2024-10-29T22:37:03 IST" name="test" finished-at="2024-10-29T22:38:10 IST" duration-ms="66445" status="PASS">
          <reporter-output>
          </reporter-output>
        </test-method> <!-- test -->
        <test-method is-config="true" signature="tearDown()[pri:0, instance:com.browserstack.FirstTest@57adfab0]" started-at="2024-10-29T22:38:10 IST" name="tearDown" finished-at="2024-10-29T22:38:12 IST" duration-ms="2149" status="PASS">
          <reporter-output>
          </reporter-output>
        </test-method> <!-- tearDown -->
      </class> <!-- com.browserstack.FirstTest -->
    </test> <!-- FirstTest1-3 -->
    <test started-at="2024-10-29T22:36:25 IST" name="FirstTest2-0" finished-at="2024-10-29T22:38:23 IST" duration-ms="117607">
      <class name="com.browserstack.FirstTest">
        <test-method is-config="true" signature="setUp()[pri:0, instance:com.browserstack.FirstTest@121c54fa]" started-at="2024-10-29T22:36:25 IST" name="setUp" finished-at="2024-10-29T22:37:16 IST" duration-ms="50216" status="PASS">
          <reporter-output>
          </reporter-output>
        </test-method> <!-- setUp -->
        <test-method signature="test()[pri:0, instance:com.browserstack.FirstTest@121c54fa]" started-at="2024-10-29T22:37:16 IST" name="test" finished-at="2024-10-29T22:38:21 IST" duration-ms="65269" status="PASS">
          <reporter-output>
          </reporter-output>
        </test-method> <!-- test -->
        <test-method is-config="true" signature="tearDown()[pri:0, instance:com.browserstack.FirstTest@121c54fa]" started-at="2024-10-29T22:38:21 IST" name="tearDown" finished-at="2024-10-29T22:38:23 IST" duration-ms="2067" status="PASS">
          <reporter-output>
          </reporter-output>
        </test-method> <!-- tearDown -->
      </class> <!-- com.browserstack.FirstTest -->
    </test> <!-- FirstTest2-0 -->
    <test started-at="2024-10-29T22:36:25 IST" name="FirstTest2-3" finished-at="2024-10-29T22:38:23 IST" duration-ms="117631">
      <class name="com.browserstack.FirstTest">
        <test-method is-config="true" signature="setUp()[pri:0, instance:com.browserstack.FirstTest@39109136]" started-at="2024-10-29T22:36:25 IST" name="setUp" finished-at="2024-10-29T22:37:15 IST" duration-ms="49484" status="PASS">
          <reporter-output>
          </reporter-output>
        </test-method> <!-- setUp -->
        <test-method signature="test()[pri:0, instance:com.browserstack.FirstTest@39109136]" started-at="2024-10-29T22:37:15 IST" name="test" finished-at="2024-10-29T22:38:21 IST" duration-ms="65956" status="PASS">
          <reporter-output>
          </reporter-output>
        </test-method> <!-- test -->
        <test-method is-config="true" signature="tearDown()[pri:0, instance:com.browserstack.FirstTest@39109136]" started-at="2024-10-29T22:38:21 IST" name="tearDown" finished-at="2024-10-29T22:38:23 IST" duration-ms="2125" status="PASS">
          <reporter-output>
          </reporter-output>
        </test-method> <!-- tearDown -->
      </class> <!-- com.browserstack.FirstTest -->
    </test> <!-- FirstTest2-3 -->
    <test started-at="2024-10-29T22:36:25 IST" name="FirstTest3-3" finished-at="2024-10-29T22:38:24 IST" duration-ms="118146">
      <class name="com.browserstack.FirstTest">
        <test-method is-config="true" signature="setUp()[pri:0, instance:com.browserstack.FirstTest@1ba05e38]" started-at="2024-10-29T22:36:25 IST" name="setUp" finished-at="2024-10-29T22:37:14 IST" duration-ms="48872" status="PASS">
          <reporter-output>
          </reporter-output>
        </test-method> <!-- setUp -->
        <test-method signature="test()[pri:0, instance:com.browserstack.FirstTest@1ba05e38]" started-at="2024-10-29T22:37:14 IST" name="test" finished-at="2024-10-29T22:38:21 IST" duration-ms="67123" status="PASS">
          <reporter-output>
          </reporter-output>
        </test-method> <!-- test -->
        <test-method is-config="true" signature="tearDown()[pri:0, instance:com.browserstack.FirstTest@1ba05e38]" started-at="2024-10-29T22:38:22 IST" name="tearDown" finished-at="2024-10-29T22:38:24 IST" duration-ms="2103" status="PASS">
          <reporter-output>
          </reporter-output>
        </test-method> <!-- tearDown -->
      </class> <!-- com.browserstack.FirstTest -->
    </test> <!-- FirstTest3-3 -->
    <test started-at="2024-10-29T22:36:25 IST" name="FirstTest4-2" finished-at="2024-10-29T22:38:24 IST" duration-ms="118748">
      <class name="com.browserstack.FirstTest">
        <test-method is-config="true" signature="setUp()[pri:0, instance:com.browserstack.FirstTest@336365bc]" started-at="2024-10-29T22:36:25 IST" name="setUp" finished-at="2024-10-29T22:37:16 IST" duration-ms="50743" status="PASS">
          <reporter-output>
          </reporter-output>
        </test-method> <!-- setUp -->
        <test-method signature="test()[pri:0, instance:com.browserstack.FirstTest@336365bc]" started-at="2024-10-29T22:37:16 IST" name="test" finished-at="2024-10-29T22:38:22 IST" duration-ms="65919" status="PASS">
          <reporter-output>
          </reporter-output>
        </test-method> <!-- test -->
        <test-method is-config="true" signature="tearDown()[pri:0, instance:com.browserstack.FirstTest@336365bc]" started-at="2024-10-29T22:38:22 IST" name="tearDown" finished-at="2024-10-29T22:38:24 IST" duration-ms="2025" status="PASS">
          <reporter-output>
          </reporter-output>
        </test-method> <!-- tearDown -->
      </class> <!-- com.browserstack.FirstTest -->
    </test> <!-- FirstTest4-2 -->
    <test started-at="2024-10-29T22:36:25 IST" name="FirstTest-0" finished-at="2024-10-29T22:38:24 IST" duration-ms="118823">
      <class name="com.browserstack.FirstTest">
        <test-method is-config="true" signature="setUp()[pri:0, instance:com.browserstack.FirstTest@1bfe3203]" started-at="2024-10-29T22:36:25 IST" name="setUp" finished-at="2024-10-29T22:37:17 IST" duration-ms="51076" status="PASS">
          <reporter-output>
          </reporter-output>
        </test-method> <!-- setUp -->
        <test-method signature="test()[pri:0, instance:com.browserstack.FirstTest@1bfe3203]" started-at="2024-10-29T22:37:17 IST" name="test" finished-at="2024-10-29T22:38:22 IST" duration-ms="65480" status="PASS">
          <reporter-output>
          </reporter-output>
        </test-method> <!-- test -->
        <test-method is-config="true" signature="tearDown()[pri:0, instance:com.browserstack.FirstTest@1bfe3203]" started-at="2024-10-29T22:38:22 IST" name="tearDown" finished-at="2024-10-29T22:38:24 IST" duration-ms="2198" status="PASS">
          <reporter-output>
          </reporter-output>
        </test-method> <!-- tearDown -->
      </class> <!-- com.browserstack.FirstTest -->
    </test> <!-- FirstTest-0 -->
    <test started-at="2024-10-29T22:36:25 IST" name="FirstTest2-2" finished-at="2024-10-29T22:38:25 IST" duration-ms="119910">
      <class name="com.browserstack.FirstTest">
        <test-method is-config="true" signature="setUp()[pri:0, instance:com.browserstack.FirstTest@6ed06f69]" started-at="2024-10-29T22:36:25 IST" name="setUp" finished-at="2024-10-29T22:37:18 IST" duration-ms="52178" status="PASS">
          <reporter-output>
          </reporter-output>
        </test-method> <!-- setUp -->
        <test-method signature="test()[pri:0, instance:com.browserstack.FirstTest@6ed06f69]" started-at="2024-10-29T22:37:18 IST" name="test" finished-at="2024-10-29T22:38:23 IST" duration-ms="65603" status="PASS">
          <reporter-output>
          </reporter-output>
        </test-method> <!-- test -->
        <test-method is-config="true" signature="tearDown()[pri:0, instance:com.browserstack.FirstTest@6ed06f69]" started-at="2024-10-29T22:38:23 IST" name="tearDown" finished-at="2024-10-29T22:38:25 IST" duration-ms="2066" status="PASS">
          <reporter-output>
          </reporter-output>
        </test-method> <!-- tearDown -->
      </class> <!-- com.browserstack.FirstTest -->
    </test> <!-- FirstTest2-2 -->
    <test started-at="2024-10-29T22:36:25 IST" name="FirstTest3-2" finished-at="2024-10-29T22:38:25 IST" duration-ms="119949">
      <class name="com.browserstack.FirstTest">
        <test-method is-config="true" signature="setUp()[pri:0, instance:com.browserstack.FirstTest@4349754]" started-at="2024-10-29T22:36:25 IST" name="setUp" finished-at="2024-10-29T22:37:16 IST" duration-ms="50100" status="PASS">
          <reporter-output>
          </reporter-output>
        </test-method> <!-- setUp -->
        <test-method signature="test()[pri:0, instance:com.browserstack.FirstTest@4349754]" started-at="2024-10-29T22:37:16 IST" name="test" finished-at="2024-10-29T22:38:23 IST" duration-ms="67878" status="PASS">
          <reporter-output>
          </reporter-output>
        </test-method> <!-- test -->
        <test-method is-config="true" signature="tearDown()[pri:0, instance:com.browserstack.FirstTest@4349754]" started-at="2024-10-29T22:38:24 IST" name="tearDown" finished-at="2024-10-29T22:38:25 IST" duration-ms="1921" status="PASS">
          <reporter-output>
          </reporter-output>
        </test-method> <!-- tearDown -->
      </class> <!-- com.browserstack.FirstTest -->
    </test> <!-- FirstTest3-2 -->
    <test started-at="2024-10-29T22:36:25 IST" name="FirstTest3-1" finished-at="2024-10-29T22:38:25 IST" duration-ms="119961">
      <class name="com.browserstack.FirstTest">
        <test-method is-config="true" signature="setUp()[pri:0, instance:com.browserstack.FirstTest@749ab7b4]" started-at="2024-10-29T22:36:25 IST" name="setUp" finished-at="2024-10-29T22:37:19 IST" duration-ms="53472" status="PASS">
          <reporter-output>
          </reporter-output>
        </test-method> <!-- setUp -->
        <test-method signature="test()[pri:0, instance:com.browserstack.FirstTest@749ab7b4]" started-at="2024-10-29T22:37:19 IST" name="test" finished-at="2024-10-29T22:38:23 IST" duration-ms="64456" status="PASS">
          <reporter-output>
          </reporter-output>
        </test-method> <!-- test -->
        <test-method is-config="true" signature="tearDown()[pri:0, instance:com.browserstack.FirstTest@749ab7b4]" started-at="2024-10-29T22:38:23 IST" name="tearDown" finished-at="2024-10-29T22:38:25 IST" duration-ms="1988" status="PASS">
          <reporter-output>
          </reporter-output>
        </test-method> <!-- tearDown -->
      </class> <!-- com.browserstack.FirstTest -->
    </test> <!-- FirstTest3-1 -->
    <test started-at="2024-10-29T22:36:25 IST" name="FirstTest4-4" finished-at="2024-10-29T22:38:28 IST" duration-ms="122717">
      <class name="com.browserstack.FirstTest">
        <test-method is-config="true" signature="setUp()[pri:0, instance:com.browserstack.FirstTest@5e268ce6]" started-at="2024-10-29T22:36:25 IST" name="setUp" finished-at="2024-10-29T22:37:17 IST" duration-ms="51564" status="PASS">
          <reporter-output>
          </reporter-output>
        </test-method> <!-- setUp -->
        <test-method signature="test()[pri:0, instance:com.browserstack.FirstTest@5e268ce6]" started-at="2024-10-29T22:37:17 IST" name="test" finished-at="2024-10-29T22:38:26 IST" duration-ms="69091" status="PASS">
          <reporter-output>
          </reporter-output>
        </test-method> <!-- test -->
        <test-method is-config="true" signature="tearDown()[pri:0, instance:com.browserstack.FirstTest@5e268ce6]" started-at="2024-10-29T22:38:26 IST" name="tearDown" finished-at="2024-10-29T22:38:28 IST" duration-ms="1991" status="PASS">
          <reporter-output>
          </reporter-output>
        </test-method> <!-- tearDown -->
      </class> <!-- com.browserstack.FirstTest -->
    </test> <!-- FirstTest4-4 -->
    <test started-at="2024-10-29T22:36:25 IST" name="FirstTest2-1" finished-at="2024-10-29T22:38:32 IST" duration-ms="126358">
      <class name="com.browserstack.FirstTest">
        <test-method is-config="true" signature="setUp()[pri:0, instance:com.browserstack.FirstTest@5dbf5634]" started-at="2024-10-29T22:36:25 IST" name="setUp" finished-at="2024-10-29T22:37:24 IST" duration-ms="58843" status="PASS">
          <reporter-output>
          </reporter-output>
        </test-method> <!-- setUp -->
        <test-method signature="test()[pri:0, instance:com.browserstack.FirstTest@5dbf5634]" started-at="2024-10-29T22:37:24 IST" name="test" finished-at="2024-10-29T22:38:30 IST" duration-ms="65454" status="PASS">
          <reporter-output>
          </reporter-output>
        </test-method> <!-- test -->
        <test-method is-config="true" signature="tearDown()[pri:0, instance:com.browserstack.FirstTest@5dbf5634]" started-at="2024-10-29T22:38:30 IST" name="tearDown" finished-at="2024-10-29T22:38:32 IST" duration-ms="1994" status="PASS">
          <reporter-output>
          </reporter-output>
        </test-method> <!-- tearDown -->
      </class> <!-- com.browserstack.FirstTest -->
    </test> <!-- FirstTest2-1 -->
    <test started-at="2024-10-29T22:36:25 IST" name="FirstTest1-1" finished-at="2024-10-29T22:38:34 IST" duration-ms="128953">
      <class name="com.browserstack.FirstTest">
        <test-method is-config="true" signature="setUp()[pri:0, instance:com.browserstack.FirstTest@141e879d]" started-at="2024-10-29T22:36:25 IST" name="setUp" finished-at="2024-10-29T22:37:27 IST" duration-ms="61776" status="PASS">
          <reporter-output>
          </reporter-output>
        </test-method> <!-- setUp -->
        <test-method signature="test()[pri:0, instance:com.browserstack.FirstTest@141e879d]" started-at="2024-10-29T22:37:27 IST" name="test" finished-at="2024-10-29T22:38:32 IST" duration-ms="65001" status="PASS">
          <reporter-output>
          </reporter-output>
        </test-method> <!-- test -->
        <test-method is-config="true" signature="tearDown()[pri:0, instance:com.browserstack.FirstTest@141e879d]" started-at="2024-10-29T22:38:32 IST" name="tearDown" finished-at="2024-10-29T22:38:34 IST" duration-ms="2107" status="PASS">
          <reporter-output>
          </reporter-output>
        </test-method> <!-- tearDown -->
      </class> <!-- com.browserstack.FirstTest -->
    </test> <!-- FirstTest1-1 -->
    <test started-at="2024-10-29T22:36:25 IST" name="FirstTest-1" finished-at="2024-10-29T22:38:40 IST" duration-ms="134871">
      <class name="com.browserstack.FirstTest">
        <test-method is-config="true" signature="setUp()[pri:0, instance:com.browserstack.FirstTest@3f92c349]" started-at="2024-10-29T22:36:25 IST" name="setUp" finished-at="2024-10-29T22:37:32 IST" duration-ms="67000" status="PASS">
          <reporter-output>
          </reporter-output>
        </test-method> <!-- setUp -->
        <test-method signature="test()[pri:0, instance:com.browserstack.FirstTest@3f92c349]" started-at="2024-10-29T22:37:32 IST" name="test" finished-at="2024-10-29T22:38:38 IST" duration-ms="65755" status="PASS">
          <reporter-output>
          </reporter-output>
        </test-method> <!-- test -->
        <test-method is-config="true" signature="tearDown()[pri:0, instance:com.browserstack.FirstTest@3f92c349]" started-at="2024-10-29T22:38:38 IST" name="tearDown" finished-at="2024-10-29T22:38:40 IST" duration-ms="2026" status="PASS">
          <reporter-output>
          </reporter-output>
        </test-method> <!-- tearDown -->
      </class> <!-- com.browserstack.FirstTest -->
    </test> <!-- FirstTest-1 -->
    <test started-at="2024-10-29T22:36:25 IST" name="FirstTest3-0" finished-at="2024-10-29T22:38:50 IST" duration-ms="144541">
      <class name="com.browserstack.FirstTest">
        <test-method is-config="true" signature="setUp()[pri:0, instance:com.browserstack.FirstTest@ae372b9]" started-at="2024-10-29T22:36:25 IST" name="setUp" finished-at="2024-10-29T22:38:17 IST" duration-ms="111277" status="PASS">
          <reporter-output>
          </reporter-output>
        </test-method> <!-- setUp -->
        <test-method signature="test()[pri:0, instance:com.browserstack.FirstTest@ae372b9]" started-at="2024-10-29T22:38:17 IST" name="test" finished-at="2024-10-29T22:38:47 IST" duration-ms="30705" status="PASS">
          <reporter-output>
          </reporter-output>
        </test-method> <!-- test -->
        <test-method is-config="true" signature="tearDown()[pri:0, instance:com.browserstack.FirstTest@ae372b9]" started-at="2024-10-29T22:38:48 IST" name="tearDown" finished-at="2024-10-29T22:38:50 IST" duration-ms="2476" status="PASS">
          <reporter-output>
          </reporter-output>
        </test-method> <!-- tearDown -->
      </class> <!-- com.browserstack.FirstTest -->
    </test> <!-- FirstTest3-0 -->
    <test started-at="2024-10-29T22:36:25 IST" name="FirstTest4-1" finished-at="2024-10-29T22:39:05 IST" duration-ms="159891">
      <class name="com.browserstack.FirstTest">
        <test-method is-config="true" signature="setUp()[pri:0, instance:com.browserstack.FirstTest@3d36dff4]" started-at="2024-10-29T22:36:25 IST" name="setUp" finished-at="2024-10-29T22:37:58 IST" duration-ms="92847" status="PASS">
          <reporter-output>
          </reporter-output>
        </test-method> <!-- setUp -->
        <test-method signature="test()[pri:0, instance:com.browserstack.FirstTest@3d36dff4]" started-at="2024-10-29T22:37:58 IST" name="test" finished-at="2024-10-29T22:39:03 IST" duration-ms="64709" status="PASS">
          <reporter-output>
          </reporter-output>
        </test-method> <!-- test -->
        <test-method is-config="true" signature="tearDown()[pri:0, instance:com.browserstack.FirstTest@3d36dff4]" started-at="2024-10-29T22:39:03 IST" name="tearDown" finished-at="2024-10-29T22:39:05 IST" duration-ms="2266" status="PASS">
          <reporter-output>
          </reporter-output>
        </test-method> <!-- tearDown -->
      </class> <!-- com.browserstack.FirstTest -->
    </test> <!-- FirstTest4-1 -->
  </suite> <!-- First -->
</testng-results>
