<?xml version="1.0" encoding="UTF-8"?>
<testsuite xmlns:xsi="http://www.w3.org/2001/XMLSchema-instance" xsi:noNamespaceSchemaLocation="https://maven.apache.org/surefire/maven-surefire-plugin/xsd/surefire-test-report.xsd" name="TestSuite" time="160.179" tests="25" errors="0" skipped="0" failures="0">
  <properties>
[...]
</properties>
  <testcase name="test" classname="com.browserstack.FirstTest" time="2.208"/>
  <testcase name="test" classname="com.browserstack.FirstTest" time="5.666"/>
  <testcase name="test" classname="com.browserstack.FirstTest" time="8.37"/>
  <testcase name="test" classname="com.browserstack.FirstTest" time="11.819"/>
  <testcase name="test" classname="com.browserstack.FirstTest" time="11.969"/>
  <testcase name="test" classname="com.browserstack.FirstTest" time="12.378"/>
  <testcase name="test" classname="com.browserstack.FirstTest" time="14.287"/>
  <testcase name="test" classname="com.browserstack.FirstTest" time="17.706"/>
  <testcase name="test" classname="com.browserstack.FirstTest" time="20.943"/>
  <testcase name="test" classname="com.browserstack.FirstTest" time="24.251"/>
  <testcase name="test" classname="com.browserstack.FirstTest" time="11.368"/>
  <testcase name="test" classname="com.browserstack.FirstTest" time="4.211"/>
  <testcase name="test" classname="com.browserstack.FirstTest" time="4.241"/>
  <testcase name="test" classname="com.browserstack.FirstTest" time="4.751"/>
  <testcase name="test" classname="com.browserstack.FirstTest" time="5.324"/>
  <testcase name="test" classname="com.browserstack.FirstTest" time="5.423"/>
  <testcase name="test" classname="com.browserstack.FirstTest" time="6.546"/>
  <testcase name="test" classname="com.browserstack.FirstTest" time="6.679"/>
  <testcase name="test" classname="com.browserstack.FirstTest" time="6.733"/>
  <testcase name="test" classname="com.browserstack.FirstTest" time="9.426"/>
  <testcase name="test" classname="com.browserstack.FirstTest" time="13.061"/>
  <testcase name="test" classname="com.browserstack.FirstTest" time="15.549"/>
  <testcase name="test" classname="com.browserstack.FirstTest" time="21.545"/>
  <testcase name="test" classname="com.browserstack.FirstTest" time="30.764"/>
  <testcase name="test" classname="com.browserstack.FirstTest" time="46.327"/>
</testsuite>