<?xml version="1.0" encoding="UTF-8"?>
<!-- Generated by org.testng.reporters.JUnitXMLReporter -->
<testsuite ignored="0" hostname="AdarshSingh-FVFG3WYGQ05D" failures="1" tests="1" name="SecondTest3-3" time="116.099" errors="0" timestamp="2024-10-28T18:15:22 IST">
  <testcase classname="com.browserstack.SecondTest" name="test" time="42.649">
    <failure type="org.openqa.selenium.TimeoutException" message="Expected condition failed: waiting for element to be clickable: AppiumBy.accessibilityId: tabBar_more_select (tried for 30 second(s) with 500 milliseconds interval)
Build info: version: &amp;apos;4.13.0&amp;apos;, revision: &amp;apos;ba948ece5b*&amp;apos;
System info: os.name: &amp;apos;Mac OS X&amp;apos;, os.arch: &amp;apos;aarch64&amp;apos;, os.version: &amp;apos;14.2.1&amp;apos;, java.version: &amp;apos;22.0.2&amp;apos;
Driver info: io.appium.java_client.ios.IOSDriver
Capabilities {appium:autoDismissAlerts: true, appium:automationName: xcuitest, appium:bootstrapPath: /usr/local/.browserstack/co..., appium:browserstack.isTargetBased: true, appium:bundleID: com.gymshark.store.staging, appium:bundleId: com.gymshark.store.staging, appium:databaseEnabled: false, appium:deviceName: iPhone 15, appium:deviceOrientation: PORTRAIT, appium:javascriptEnabled: true, appium:keychainPassword: [REDACTED VALUE], appium:keychainPath: [REDACTED VALUE], appium:locationContextEnabled: false, appium:networkConnectionEnabled: false, appium:newCommandTimeout: 0, appium:noReset: true, appium:optimalHubUrl: hub-aps.browserstack.com, appium:orientation: PORTRAIT, appium:realMobile: true, appium:safariIgnoreFraudWarning: true, appium:safariInitialUrl: http://mobile-internet-chec..., appium:takesScreenshot: true, appium:udid: 00008120-000014E41EE2201E, appium:useXctestrunFile: true, appium:waitForQuiescence: false, appium:wdaStartupRetries: 3, appium:webStorageEnabled: false, appium:webkitResponseTimeout: 20000, browserVersion: null, bstack:options: {buildIdentifier: #28, hostName: AdarshSingh-FVFG3WYGQ05D, localIdentifier: 28_Oct_1813_AdarshSingh_FVF...}, platformName: IOS}
Session ID: 158d180c12e773a1d4011a28cfb68537a30e0aa1">
      <![CDATA[org.openqa.selenium.TimeoutException: Expected condition failed: waiting for element to be clickable: AppiumBy.accessibilityId: tabBar_more_select (tried for 30 second(s) with 500 milliseconds interval)
Build info: version: '4.13.0', revision: 'ba948ece5b*'
System info: os.name: 'Mac OS X', os.arch: 'aarch64', os.version: '14.2.1', java.version: '22.0.2'
Driver info: io.appium.java_client.ios.IOSDriver
Capabilities {appium:autoDismissAlerts: true, appium:automationName: xcuitest, appium:bootstrapPath: /usr/local/.browserstack/co..., appium:browserstack.isTargetBased: true, appium:bundleID: com.gymshark.store.staging, appium:bundleId: com.gymshark.store.staging, appium:databaseEnabled: false, appium:deviceName: iPhone 15, appium:deviceOrientation: PORTRAIT, appium:javascriptEnabled: true, appium:keychainPassword: [REDACTED VALUE], appium:keychainPath: [REDACTED VALUE], appium:locationContextEnabled: false, appium:networkConnectionEnabled: false, appium:newCommandTimeout: 0, appium:noReset: true, appium:optimalHubUrl: hub-aps.browserstack.com, appium:orientation: PORTRAIT, appium:realMobile: true, appium:safariIgnoreFraudWarning: true, appium:safariInitialUrl: http://mobile-internet-chec..., appium:takesScreenshot: true, appium:udid: 00008120-000014E41EE2201E, appium:useXctestrunFile: true, appium:waitForQuiescence: false, appium:wdaStartupRetries: 3, appium:webStorageEnabled: false, appium:webkitResponseTimeout: 20000, browserVersion: null, bstack:options: {buildIdentifier: #28, hostName: AdarshSingh-FVFG3WYGQ05D, localIdentifier: 28_Oct_1813_AdarshSingh_FVF...}, platformName: IOS}
Session ID: 158d180c12e773a1d4011a28cfb68537a30e0aa1
at org.openqa.selenium.support.ui.WebDriverWait.timeoutException(WebDriverWait.java:84)
at org.openqa.selenium.support.ui.FluentWait.until(FluentWait.java:230)
at com.browserstack.SecondTest.test(SecondTest.java:61)
at java.base/java.util.concurrent.ThreadPoolExecutor.runWorker(ThreadPoolExecutor.java:1144)
at java.base/java.util.concurrent.ThreadPoolExecutor$Worker.run(ThreadPoolExecutor.java:642)
at java.base/java.lang.Thread.run(Thread.java:1570)
... Removed 10 stack frames]]>
    </failure>
  </testcase> <!-- test -->
</testsuite> <!-- SecondTest3-3 -->
